<?xml version="1.0" encoding="UTF-8"?>
<testsuite xmlns:xsi="http://www.w3.org/2001/XMLSchema-instance" xsi:noNamespaceSchemaLocation="https://maven.apache.org/surefire/maven-surefire-plugin/xsd/surefire-test-report-3.0.xsd" version="3.0" name="com.demo.resortslite.ReportServiceTest" time="0.043" tests="23" errors="0" skipped="0" failures="0">
  <properties>
[...]
</properties>
  <testcase name="getSystemInfo_backupPathMatchesInjectedValue" classname="com.demo.resortslite.ReportServiceTest" time="0.011"/>
  <testcase name="buildReportDownloadUrl_separatesBaseUrlAndNameWithSlash" classname="com.demo.resortslite.ReportServiceTest" time="0.001"/>
  <testcase name="generateMonthlyReport_withValidMonthAndYear_returnsGeneratedStatus" classname="com.demo.resortslite.ReportServiceTest" time="0.002"/>
  <testcase name="getSystemInfo_containsServerPort" classname="com.demo.resortslite.ReportServiceTest" time="0.001"/>
  <testcase name="buildReportDownloadUrl_urlStartsWithHttps" classname="com.demo.resortslite.ReportServiceTest" time="0.001"/>
  <testcase name="generateMonthlyReport_includesServerPortInResult" classname="com.demo.resortslite.ReportServiceTest" time="0.002"/>
  <testcase name="buildReportDownloadUrl_withValidReportName_returnsFullUrl" classname="com.demo.resortslite.ReportServiceTest" time="0.001"/>
  <testcase name="buildReportDownloadUrl_containsReportName" classname="com.demo.resortslite.ReportServiceTest" time="0.001"/>
  <testcase name="getSystemInfo_generatedAtMatchesDateTimeFormat" classname="com.demo.resortslite.ReportServiceTest" time="0.001"/>
  <testcase name="getSystemInfo_containsBackupPath" classname="com.demo.resortslite.ReportServiceTest" time="0.001"/>
  <testcase name="generateMonthlyReport_withValidInputs_returnsCorrectFilePath" classname="com.demo.resortslite.ReportServiceTest" time="0.001"/>
  <testcase name="buildReportDownloadUrl_withEmptyReportName_returnsBaseUrlWithSlash" classname="com.demo.resortslite.ReportServiceTest" time="0.001"/>
  <testcase name="generateMonthlyReport_csvFileContainsHeader" classname="com.demo.resortslite.ReportServiceTest" time="0.001"/>
  <testcase name="getSystemInfo_returnsNonNullMap" classname="com.demo.resortslite.ReportServiceTest" time="0.001"/>
  <testcase name="generateMonthlyReport_createsReportDirectoryIfNotExists" classname="com.demo.resortslite.ReportServiceTest" time="0.001"/>
  <testcase name="generateMonthlyReport_createsCSVFile" classname="com.demo.resortslite.ReportServiceTest" time="0.001"/>
  <testcase name="generateMonthlyReport_csvFileContainsSampleData" classname="com.demo.resortslite.ReportServiceTest" time="0.001"/>
  <testcase name="generateMonthlyReport_withDifferentYears_generatesCorrectFileName" classname="com.demo.resortslite.ReportServiceTest" time="0.003"/>
  <testcase name="buildReportDownloadUrl_withDifferentBaseUrl_returnsCorrectUrl" classname="com.demo.resortslite.ReportServiceTest" time="0.001"/>
  <testcase name="getSystemInfo_containsGeneratedAt" classname="com.demo.resortslite.ReportServiceTest" time="0.001"/>
  <testcase name="getSystemInfo_reportPathMatchesInjectedValue" classname="com.demo.resortslite.ReportServiceTest" time="0.001"/>
  <testcase name="generateMonthlyReport_withIOError_returnsErrorStatus" classname="com.demo.resortslite.ReportServiceTest" time="0.001"/>
  <testcase name="getSystemInfo_containsReportPath" classname="com.demo.resortslite.ReportServiceTest" time="0.001"/>
</testsuite>